0 info it worked if it ends with ok
1 verbose cli [ '/usr/local/bin/node',
1 verbose cli   '/usr/local/bin/npm',
1 verbose cli   'install',
1 verbose cli   '-g',
1 verbose cli   'react-native-cli' ]
2 info using npm@2.15.0
3 info using node@v4.4.2
4 verbose install initial load of /usr/local/lib/package.json
5 verbose readDependencies loading dependencies from /usr/local/lib/package.json
6 silly cache add args [ 'react-native-cli', null ]
7 verbose cache add spec react-native-cli
8 silly cache add parsed spec Result {
8 silly cache add   raw: 'react-native-cli',
8 silly cache add   scope: null,
8 silly cache add   name: 'react-native-cli',
8 silly cache add   rawSpec: '',
8 silly cache add   spec: 'latest',
8 silly cache add   type: 'tag' }
9 silly addNamed react-native-cli@latest
10 verbose addNamed "latest" is being treated as a dist-tag for react-native-cli
11 info addNameTag [ 'react-native-cli', 'latest' ]
12 silly mapToRegistry name react-native-cli
13 silly mapToRegistry using default registry
14 silly mapToRegistry registry https://registry.npmjs.org/
15 silly mapToRegistry data Result {
15 silly mapToRegistry   raw: 'react-native-cli',
15 silly mapToRegistry   scope: null,
15 silly mapToRegistry   name: 'react-native-cli',
15 silly mapToRegistry   rawSpec: '',
15 silly mapToRegistry   spec: 'latest',
15 silly mapToRegistry   type: 'tag' }
16 silly mapToRegistry uri https://registry.npmjs.org/react-native-cli
17 verbose addNameTag registry:https://registry.npmjs.org/react-native-cli not in flight; fetching
18 verbose request uri https://registry.npmjs.org/react-native-cli
19 verbose request no auth needed
20 info attempt registry request try #1 at 3:13:48 PM
21 verbose request id d641f61070c9500e
22 http request GET https://registry.npmjs.org/react-native-cli
23 http 200 https://registry.npmjs.org/react-native-cli
24 verbose headers { server: 'CouchDB/1.5.0 (Erlang OTP/R16B03)',
24 verbose headers   etag: '"EGUCP0PA6E0UNIOF25CL32G10"',
24 verbose headers   'content-type': 'application/json',
24 verbose headers   'content-encoding': 'gzip',
24 verbose headers   'cache-control': 'max-age=300',
24 verbose headers   'content-length': '4591',
24 verbose headers   'accept-ranges': 'bytes',
24 verbose headers   date: 'Mon, 25 Jul 2016 22:13:48 GMT',
24 verbose headers   via: '1.1 varnish',
24 verbose headers   age: '0',
24 verbose headers   connection: 'keep-alive',
24 verbose headers   'x-served-by': 'cache-sea1923-SEA',
24 verbose headers   'x-cache': 'MISS',
24 verbose headers   'x-cache-hits': '0',
24 verbose headers   'x-timer': 'S1469484828.573190,VS0,VE315',
24 verbose headers   vary: 'Accept-Encoding' }
25 silly get cb [ 200,
25 silly get   { server: 'CouchDB/1.5.0 (Erlang OTP/R16B03)',
25 silly get     etag: '"EGUCP0PA6E0UNIOF25CL32G10"',
25 silly get     'content-type': 'application/json',
25 silly get     'content-encoding': 'gzip',
25 silly get     'cache-control': 'max-age=300',
25 silly get     'content-length': '4591',
25 silly get     'accept-ranges': 'bytes',
25 silly get     date: 'Mon, 25 Jul 2016 22:13:48 GMT',
25 silly get     via: '1.1 varnish',
25 silly get     age: '0',
25 silly get     connection: 'keep-alive',
25 silly get     'x-served-by': 'cache-sea1923-SEA',
25 silly get     'x-cache': 'MISS',
25 silly get     'x-cache-hits': '0',
25 silly get     'x-timer': 'S1469484828.573190,VS0,VE315',
25 silly get     vary: 'Accept-Encoding' } ]
26 verbose get saving react-native-cli to /Users/aiste/.npm/registry.npmjs.org/react-native-cli/.cache.json
27 verbose correctMkdir /Users/aiste/.npm correctMkdir not in flight; initializing
28 silly addNameTag next cb for react-native-cli with tag latest
29 silly addNamed react-native-cli@1.0.0
30 verbose addNamed "1.0.0" is a plain semver version for react-native-cli
31 silly mapToRegistry name react-native-cli
32 silly mapToRegistry using default registry
33 silly mapToRegistry registry https://registry.npmjs.org/
34 silly mapToRegistry data Result {
34 silly mapToRegistry   raw: 'react-native-cli',
34 silly mapToRegistry   scope: null,
34 silly mapToRegistry   name: 'react-native-cli',
34 silly mapToRegistry   rawSpec: '',
34 silly mapToRegistry   spec: 'latest',
34 silly mapToRegistry   type: 'tag' }
35 silly mapToRegistry uri https://registry.npmjs.org/react-native-cli
36 verbose addRemoteTarball https://registry.npmjs.org/react-native-cli/-/react-native-cli-1.0.0.tgz not in flight; adding
37 verbose addRemoteTarball [ 'https://registry.npmjs.org/react-native-cli/-/react-native-cli-1.0.0.tgz',
37 verbose addRemoteTarball   '112d56c18b7324969d21282a240e3de8903aa963' ]
38 info retry fetch attempt 1 at 3:13:49 PM
39 info attempt registry request try #1 at 3:13:49 PM
40 http fetch GET https://registry.npmjs.org/react-native-cli/-/react-native-cli-1.0.0.tgz
41 http fetch 200 https://registry.npmjs.org/react-native-cli/-/react-native-cli-1.0.0.tgz
42 silly fetchAndShaCheck shasum 112d56c18b7324969d21282a240e3de8903aa963
43 verbose addTmpTarball /var/folders/9d/8czx6xxs2_sdl5ply73q3dgc0000gn/T/npm-814-067a5ac5/registry.npmjs.org/react-native-cli/-/react-native-cli-1.0.0.tgz not in flight; adding
44 verbose addTmpTarball already have metadata; skipping unpack for react-native-cli@1.0.0
45 verbose correctMkdir /Users/aiste/.npm correctMkdir not in flight; initializing
46 silly cache afterAdd react-native-cli@1.0.0
47 verbose afterAdd /Users/aiste/.npm/react-native-cli/1.0.0/package/package.json not in flight; writing
48 verbose correctMkdir /Users/aiste/.npm correctMkdir not in flight; initializing
49 verbose afterAdd /Users/aiste/.npm/react-native-cli/1.0.0/package/package.json written
50 silly install resolved [ { name: 'react-native-cli',
50 silly install resolved     version: '1.0.0',
50 silly install resolved     license: 'BSD-3-Clause',
50 silly install resolved     description: 'The React Native CLI tools',
50 silly install resolved     main: 'index.js',
50 silly install resolved     engines: { node: '>=4' },
50 silly install resolved     repository:
50 silly install resolved      { type: 'git',
50 silly install resolved        url: 'git+https://github.com/facebook/react-native.git' },
50 silly install resolved     scripts: { test: 'mocha' },
50 silly install resolved     bin: { 'react-native': 'index.js' },
50 silly install resolved     dependencies:
50 silly install resolved      { chalk: '^1.1.1',
50 silly install resolved        minimist: '^1.2.0',
50 silly install resolved        prompt: '^0.2.14',
50 silly install resolved        semver: '^5.0.3' },
50 silly install resolved     bugs: { url: 'https://github.com/facebook/react-native/issues' },
50 silly install resolved     homepage: 'https://github.com/facebook/react-native#readme',
50 silly install resolved     _id: 'react-native-cli@1.0.0',
50 silly install resolved     _shasum: '112d56c18b7324969d21282a240e3de8903aa963',
50 silly install resolved     _from: 'react-native-cli@latest',
50 silly install resolved     _npmVersion: '2.15.5',
50 silly install resolved     _nodeVersion: '4.4.5',
50 silly install resolved     _npmUser: { name: 'bestander', email: 'bestander@gmail.com' },
50 silly install resolved     dist:
50 silly install resolved      { shasum: '112d56c18b7324969d21282a240e3de8903aa963',
50 silly install resolved        tarball: 'https://registry.npmjs.org/react-native-cli/-/react-native-cli-1.0.0.tgz' },
50 silly install resolved     maintainers:
50 silly install resolved      [ [Object],
50 silly install resolved        [Object],
50 silly install resolved        [Object],
50 silly install resolved        [Object],
50 silly install resolved        [Object],
50 silly install resolved        [Object],
50 silly install resolved        [Object] ],
50 silly install resolved     _npmOperationalInternal:
50 silly install resolved      { host: 'packages-16-east.internal.npmjs.com',
50 silly install resolved        tmp: 'tmp/react-native-cli-1.0.0.tgz_1464957130165_0.2410504559520632' },
50 silly install resolved     directories: {},
50 silly install resolved     _resolved: 'https://registry.npmjs.org/react-native-cli/-/react-native-cli-1.0.0.tgz' } ]
51 info install react-native-cli@1.0.0 into /usr/local/lib
52 info installOne react-native-cli@1.0.0
53 verbose installOne of react-native-cli to /usr/local/lib not in flight; installing
54 verbose correctMkdir /Users/aiste/.npm/_locks correctMkdir not in flight; initializing
55 verbose lock using /Users/aiste/.npm/_locks/react-native-cli-a444c604a39e8d3e.lock for /usr/local/lib/node_modules/react-native-cli
56 silly install write writing react-native-cli 1.0.0 to /usr/local/lib/node_modules/react-native-cli
57 verbose unbuild lib/node_modules/react-native-cli
58 silly gentlyRm /usr/local/lib/node_modules/react-native-cli is being purged from base /usr/local
59 verbose gentlyRm don't care about contents; nuking /usr/local/lib/node_modules/react-native-cli
60 verbose tar unpack /Users/aiste/.npm/react-native-cli/1.0.0/package.tgz
61 verbose tar unpacking to /usr/local/lib/node_modules/react-native-cli
62 silly gentlyRm /usr/local/lib/node_modules/react-native-cli is being purged
63 verbose gentlyRm don't care about contents; nuking /usr/local/lib/node_modules/react-native-cli
64 silly gunzTarPerm modes [ '755', '644' ]
65 error tar.unpack untar error /Users/aiste/.npm/react-native-cli/1.0.0/package.tgz
66 verbose unlock done using /Users/aiste/.npm/_locks/react-native-cli-a444c604a39e8d3e.lock for /usr/local/lib/node_modules/react-native-cli
67 verbose fstream_path /usr/local/lib/node_modules/react-native-cli
68 verbose fstream_type Directory
69 verbose fstream_class DirWriter
70 verbose stack Error: EACCES: permission denied, mkdir '/usr/local/lib/node_modules/react-native-cli'
70 verbose stack     at Error (native)
71 verbose fstream_stack /usr/local/lib/node_modules/npm/node_modules/fstream/lib/dir-writer.js:35:25
71 verbose fstream_stack /usr/local/lib/node_modules/npm/node_modules/mkdirp/index.js:47:53
71 verbose fstream_stack FSReqWrap.oncomplete (fs.js:82:15)
72 verbose cwd /Users/aiste/Documents/react/jostleProject
73 error Darwin 15.5.0
74 error argv "/usr/local/bin/node" "/usr/local/bin/npm" "install" "-g" "react-native-cli"
75 error node v4.4.2
76 error npm  v2.15.0
77 error path /usr/local/lib/node_modules/react-native-cli
78 error code EACCES
79 error errno -13
80 error syscall mkdir
81 error Error: EACCES: permission denied, mkdir '/usr/local/lib/node_modules/react-native-cli'
81 error     at Error (native)
81 error  { [Error: EACCES: permission denied, mkdir '/usr/local/lib/node_modules/react-native-cli']
81 error   errno: -13,
81 error   code: 'EACCES',
81 error   syscall: 'mkdir',
81 error   path: '/usr/local/lib/node_modules/react-native-cli',
81 error   fstream_type: 'Directory',
81 error   fstream_path: '/usr/local/lib/node_modules/react-native-cli',
81 error   fstream_class: 'DirWriter',
81 error   fstream_stack:
81 error    [ '/usr/local/lib/node_modules/npm/node_modules/fstream/lib/dir-writer.js:35:25',
81 error      '/usr/local/lib/node_modules/npm/node_modules/mkdirp/index.js:47:53',
81 error      'FSReqWrap.oncomplete (fs.js:82:15)' ] }
82 error Please try running this command again as root/Administrator.
83 verbose exit [ -13, true ]
84 verbose unbuild lib/node_modules/react-native-cli
85 silly gentlyRm /usr/local/lib/node_modules/react-native-cli is being purged from base /usr/local
86 verbose gentlyRm don't care about contents; nuking /usr/local/lib/node_modules/react-native-cli
